<?xml version="1.0" encoding="UTF-8" ?>
<testsuite errors="0" failures="0" hostname="DESKTOP-ERRVOM5" name="Maze_DS.ArrayListStackTest" skipped="0" tests="7" time="0.136" timestamp="2020-11-07T00:00:39">
  <properties>
[...]
</properties>
  <testcase classname="Maze_DS.ArrayListStackTest" name="testPop" time="0.003" />
  <testcase classname="Maze_DS.ArrayListStackTest" name="testPeek2" time="0.0" />
  <testcase classname="Maze_DS.ArrayListStackTest" name="testPeek" time="0.0" />
  <testcase classname="Maze_DS.ArrayListStackTest" name="testPop2" time="0.0" />
  <testcase classname="Maze_DS.ArrayListStackTest" name="testPush" time="0.0" />
  <testcase classname="Maze_DS.ArrayListStackTest" name="testSize" time="0.001" />
  <testcase classname="Maze_DS.ArrayListStackTest" name="testIsEmpty" time="0.001" />
  <system-out><![CDATA[pop
peek
push
size
isEmpty
]]></system-out>
  <system-err><![CDATA[]]></system-err>
</testsuite>
